<?xml version="1.0" encoding="UTF-8"?>
<!-- Generated by org.testng.reporters.JUnitXMLReporter -->
<testsuite ignored="0" hostname="Sachins-MacBook-Pro.local" failures="0" tests="4" name="Default test" time="29.927" errors="0" timestamp="2024-02-14T19:24:17 IST">
  <testcase classname="test.DataExtractionValidation" name="loginTryLoop" time="15.745"/>
  <testcase classname="test.DataExtractionValidation" name="selectLocationMarketplaces" time="8.193"/>
  <testcase classname="test.DataExtractionValidation" name="generateCSVFile" time="0.838"/>
  <testcase classname="test.DataExtractionValidation" name="validateCSVFile" time="5.022"/>
</testsuite> <!-- Default test -->
