<?xml version="1.0" encoding="UTF-8"?>
<!-- Generated by org.testng.reporters.JUnitXMLReporter -->
<testsuite ignored="0" hostname="Sachins-MacBook-Pro.local" failures="5" tests="12" name="Test" time="60.481" errors="0" timestamp="2024-02-14T19:44:25 IST">
  <testcase classname="test.DataExtractionValidation" name="loginTryLoop" time="13.99"/>
  <testcase classname="test.DataExtractionValidation" name="selectLocationMarketplaces" time="5.971"/>
  <testcase classname="test.DataExtractionValidation" name="generateCSVFile" time="0.658"/>
  <testcase classname="test.DataExtractionValidation" name="validateCSVFile" time="5.018"/>
  <testcase classname="test.DataVerification" name="loginTryLoop" time="33.511"/>
  <testcase classname="test.DataVerification" name="StoreGrandTotalAugust" time="0.179"/>
  <testcase classname="test.DataVerification" name="StoreGrandTotalSeptember" time="0.175"/>
  <testcase classname="test.DataVerification" name="StoreGrandTotalOctober" time="0.207">
    <failure type="java.lang.AssertionError" message="The following asserts failed:
	October month values are not equal to Grand total within tolerance expected [true] but found [false]">
      <![CDATA[java.lang.AssertionError: The following asserts failed:
October month values are not equal to Grand total within tolerance expected [true] but found [false]
at test.DataVerification.StoreGrandTotalOctober(DataVerification.java:92)
at java.base/java.util.ArrayList.forEach(ArrayList.java:1511)
... Removed 29 stack frames]]>
    </failure>
  </testcase> <!-- StoreGrandTotalOctober -->
  <testcase classname="test.DataVerification" name="StoreGrandTotalNovember" time="0.159">
    <failure type="java.lang.AssertionError" message="The following asserts failed:
	November month values are not equal to Grand total within tolerance expected [true] but found [false]">
      <![CDATA[java.lang.AssertionError: The following asserts failed:
November month values are not equal to Grand total within tolerance expected [true] but found [false]
at test.DataVerification.StoreGrandTotalNovember(DataVerification.java:108)
at java.base/java.util.ArrayList.forEach(ArrayList.java:1511)
... Removed 29 stack frames]]>
    </failure>
  </testcase> <!-- StoreGrandTotalNovember -->
  <testcase classname="test.DataVerification" name="StoreGrandTotalDecember" time="0.167">
    <failure type="java.lang.AssertionError" message="The following asserts failed:
	December month values are not equal to Grand total within tolerance expected [true] but found [false]">
      <![CDATA[java.lang.AssertionError: The following asserts failed:
December month values are not equal to Grand total within tolerance expected [true] but found [false]
at test.DataVerification.StoreGrandTotalDecember(DataVerification.java:124)
at java.base/java.util.ArrayList.forEach(ArrayList.java:1511)
... Removed 29 stack frames]]>
    </failure>
  </testcase> <!-- StoreGrandTotalDecember -->
  <testcase classname="test.DataVerification" name="StoreGrandTotalJanuary" time="0.15">
    <failure type="java.lang.AssertionError" message="The following asserts failed:
	January month values are not equal to Grand total within tolerance expected [true] but found [false]">
      <![CDATA[java.lang.AssertionError: The following asserts failed:
January month values are not equal to Grand total within tolerance expected [true] but found [false]
at test.DataVerification.StoreGrandTotalJanuary(DataVerification.java:140)
at java.base/java.util.ArrayList.forEach(ArrayList.java:1511)
... Removed 29 stack frames]]>
    </failure>
  </testcase> <!-- StoreGrandTotalJanuary -->
  <testcase classname="test.DataVerification" name="StoreGrandTotalFebuary" time="0.26">
    <failure type="java.lang.AssertionError" message="The following asserts failed:
	Febuary month values are not equal to Grand total within tolerance expected [true] but found [false]">
      <![CDATA[java.lang.AssertionError: The following asserts failed:
Febuary month values are not equal to Grand total within tolerance expected [true] but found [false]
at test.DataVerification.StoreGrandTotalFebuary(DataVerification.java:156)
at java.base/java.util.ArrayList.forEach(ArrayList.java:1511)
... Removed 29 stack frames]]>
    </failure>
  </testcase> <!-- StoreGrandTotalFebuary -->
</testsuite> <!-- Test -->
